<?xml version="1.0" encoding="UTF-8"?>
<!-- Generated by org.testng.reporters.JUnitReportReporter -->
<testsuite skipped="0" hostname="kiranReddy-PC" name="webdriverCommands.FirefoxTesting" tests="1" failures="0" timestamp="21 Apr 2019 14:34:44 GMT" time="78.158" errors="0">
  <testcase name="startBrowser" time="78.158" classname="webdriverCommands.FirefoxTesting"/>
</testsuite> <!-- webdriverCommands.FirefoxTesting -->
