<?xml version="1.0" encoding="UTF-8"?>
<!-- Generated by org.testng.reporters.JUnitReportReporter -->
<testsuite skipped="0" hostname="kiranReddy-PC" name="practice.HandleMultipleWindows" tests="1" failures="0" timestamp="08 Jun 2019 17:30:59 GMT" time="1.646" errors="0">
  <testcase name="multipleWindows" time="1.646" classname="practice.HandleMultipleWindows"/>
</testsuite> <!-- practice.HandleMultipleWindows -->
