<?xml version="1.0" encoding="UTF-8"?>
<!-- Generated by org.testng.reporters.JUnitReportReporter -->
<testsuite skipped="0" hostname="kiranReddy-PC" name="practice.TakeScreenshot" tests="1" failures="0" timestamp="11 Jun 2019 12:15:38 GMT" time="2.009" errors="0">
  <testcase name="testMethod" time="2.009" classname="practice.TakeScreenshot"/>
</testsuite> <!-- practice.TakeScreenshot -->
