<?xml version="1.0" encoding="UTF-8"?>
<!-- Generated by org.testng.reporters.JUnitReportReporter -->
<testsuite skipped="0" hostname="kiranReddy-PC" name="javaProgramming.PrintDynamicWebtableData" tests="1" failures="0" timestamp="16 Mar 2019 14:44:27 GMT" time="1.871" errors="0">
  <testcase name="printDynamicWebTableData" time="1.871" classname="javaProgramming.PrintDynamicWebtableData"/>
</testsuite> <!-- javaProgramming.PrintDynamicWebtableData -->
