<?xml version="1.0" encoding="UTF-8"?>
<!-- Generated by org.testng.reporters.JUnitReportReporter -->
<testsuite skipped="0" hostname="kiranReddy-PC" name="dynamic_Xpath_Examples.Example1" tests="1" failures="0" timestamp="16 Feb 2019 18:23:21 GMT" time="13.889" errors="0">
  <testcase name="firefoxDriver" time="13.889" classname="dynamic_Xpath_Examples.Example1"/>
</testsuite> <!-- dynamic_Xpath_Examples.Example1 -->
