<?xml version="1.0" encoding="UTF-8"?>
<!-- Generated by org.testng.reporters.JUnitReportReporter -->
<testsuite skipped="0" hostname="kiranReddy-PC" name="pageObjects.PageOneTest" tests="1" failures="0" timestamp="25 Apr 2019 11:54:07 GMT" time="33.594" errors="0">
  <testcase name="youtubeDownloader" time="33.594" classname="pageObjects.PageOneTest"/>
</testsuite> <!-- pageObjects.PageOneTest -->
