<?xml version="1.0" encoding="UTF-8"?>
<!-- Generated by org.testng.reporters.JUnitReportReporter -->
<testsuite skipped="0" hostname="kiranReddy-PC" name="javaProgramming.GetAllLinks" tests="1" failures="0" timestamp="16 Mar 2019 18:04:52 GMT" time="4.642" errors="0">
  <testcase name="getAllLinksFromWebpage" time="4.642" classname="javaProgramming.GetAllLinks"/>
</testsuite> <!-- javaProgramming.GetAllLinks -->
