<?xml version="1.0" encoding="UTF-8"?>
<!-- Generated by org.testng.reporters.JUnitReportReporter -->
<testsuite skipped="0" hostname="kiranReddy-PC" name="javaProgramming.DynamicGoogleSearch" tests="1" failures="0" timestamp="17 Mar 2019 17:25:46 GMT" time="12.792" errors="0">
  <testcase name="getAutosuggestionList" time="12.792" classname="javaProgramming.DynamicGoogleSearch"/>
</testsuite> <!-- javaProgramming.DynamicGoogleSearch -->
