<?xml version="1.0" encoding="UTF-8"?>
<!-- Generated by org.testng.reporters.JUnitReportReporter -->
<testsuite skipped="0" hostname="kiranReddy-PC" name="practice.EventFiringWebDriverExample" tests="1" failures="0" timestamp="14 Oct 2019 14:44:41 GMT" time="6.917" errors="0">
  <testcase name="testMethod" time="6.917" classname="practice.EventFiringWebDriverExample"/>
</testsuite> <!-- practice.EventFiringWebDriverExample -->
