<?xml version="1.0" encoding="UTF-8"?>
<!-- Generated by org.testng.reporters.JUnitReportReporter -->
<testsuite skipped="0" hostname="kiranReddy-PC" name="screenRecorder.TestCase" tests="1" failures="0" timestamp="11 Feb 2019 07:28:28 GMT" time="22.383" errors="0">
  <testcase name="verifyLinks" time="22.383" classname="screenRecorder.TestCase"/>
</testsuite> <!-- screenRecorder.TestCase -->
