<?xml version="1.0" encoding="UTF-8"?>
<!-- Generated by org.testng.reporters.JUnitReportReporter -->
<testsuite skipped="0" hostname="kiranReddy-PC" name="webdriverCommands.NumberofLinks" tests="1" failures="0" timestamp="04 Dec 2018 06:49:26 GMT" time="5.786" errors="0">
  <testcase name="findAllLinks" time="5.786" classname="webdriverCommands.NumberofLinks"/>
</testsuite> <!-- webdriverCommands.NumberofLinks -->
