<?xml version="1.0" encoding="UTF-8"?>
<!-- Generated by org.testng.reporters.JUnitReportReporter -->
<testsuite skipped="0" hostname="kiranReddy-PC" name="webdriverCommands.Ashot_Fullpage_Screenshot" tests="1" failures="0" timestamp="01 Apr 2019 12:35:50 GMT" time="63.239" errors="0">
  <testcase name="fullpageScreenshot" time="63.239" classname="webdriverCommands.Ashot_Fullpage_Screenshot"/>
</testsuite> <!-- webdriverCommands.Ashot_Fullpage_Screenshot -->
