<?xml version="1.0" encoding="UTF-8"?>
<!-- Generated by org.testng.reporters.JUnitReportReporter -->
<testsuite skipped="0" hostname="kiranReddy-PC" name="javaProgramming.MaxPriceInWebtable" tests="1" failures="0" timestamp="16 Mar 2019 17:31:30 GMT" time="23.495" errors="0">
  <testcase name="getMaxPriceFromDynamicWebTable" time="23.495" classname="javaProgramming.MaxPriceInWebtable"/>
</testsuite> <!-- javaProgramming.MaxPriceInWebtable -->
