<?xml version="1.0" encoding="UTF-8"?>
<!-- Generated by org.testng.reporters.JUnitReportReporter -->
<testsuite skipped="0" hostname="kiranReddy-PC" name="webdriverCommands.KeyboardOperations" tests="2" failures="0" timestamp="04 Dec 2018 07:51:51 GMT" time="72.238" errors="0">
  <testcase name="keyActions" time="31.061" classname="webdriverCommands.KeyboardOperations"/>
  <testcase name="test" time="41.177" classname="webdriverCommands.KeyboardOperations"/>
</testsuite> <!-- webdriverCommands.KeyboardOperations -->
