<?xml version="1.0" encoding="UTF-8"?>
<!-- Generated by org.testng.reporters.JUnitReportReporter -->
<testsuite skipped="0" hostname="kiranReddy-PC" name="javaScriptExecuter.JavaScriptExample" tests="1" failures="0" timestamp="08 Feb 2019 15:34:19 GMT" time="56.908" errors="0">
  <testcase name="javaScriptExecutor" time="56.908" classname="javaScriptExecuter.JavaScriptExample"/>
</testsuite> <!-- javaScriptExecuter.JavaScriptExample -->
