<?xml version="1.0" encoding="UTF-8"?>
<!-- Generated by org.testng.reporters.JUnitReportReporter -->
<testsuite skipped="0" hostname="kiranReddy-PC" name="practice.Thumbzilla" tests="1" failures="0" timestamp="17 Jun 2019 15:25:08 GMT" time="0.566" errors="0">
  <testcase name="toGetText" time="0.566" classname="practice.Thumbzilla"/>
</testsuite> <!-- practice.Thumbzilla -->
