<?xml version="1.0" encoding="UTF-8"?>
<!-- Generated by org.testng.reporters.JUnitReportReporter -->
<testsuite skipped="0" hostname="kiranReddy-PC" name="javaScriptExecuter.ScrollToBottom" tests="2" failures="0" timestamp="08 Feb 2019 15:46:58 GMT" time="5.725" errors="0">
  <testcase name="scrollIntoView" time="5.669" classname="javaScriptExecuter.ScrollToBottom"/>
  <testcase name="javaScript" time="0.056" classname="javaScriptExecuter.ScrollToBottom"/>
</testsuite> <!-- javaScriptExecuter.ScrollToBottom -->
