<?xml version="1.0" encoding="UTF-8"?>
<!-- Generated by org.testng.reporters.JUnitReportReporter -->
<testsuite skipped="0" hostname="kiranReddy-PC" name="webdriverCommands.WritePageSource" tests="1" failures="0" timestamp="11 Dec 2018 13:29:03 GMT" time="0.094" errors="0">
  <testcase name="pageSource" time="0.094" classname="webdriverCommands.WritePageSource"/>
</testsuite> <!-- webdriverCommands.WritePageSource -->
