<?xml version="1.0" encoding="UTF-8"?>
<!-- Generated by org.testng.reporters.JUnitReportReporter -->
<testsuite skipped="0" hostname="kiranReddy-PC" name="practice.DragAndDrop" tests="1" failures="0" timestamp="20 Jul 2019 07:36:34 GMT" time="10.709" errors="0">
  <testcase name="loanTenure" time="10.709" classname="practice.DragAndDrop"/>
</testsuite> <!-- practice.DragAndDrop -->
