<?xml version="1.0" encoding="UTF-8"?>
<!-- Generated by org.testng.reporters.JUnitReportReporter -->
<testsuite skipped="0" hostname="kiranReddy-PC" name="webdriverCommands.Robot_Class" tests="1" failures="0" timestamp="07 Feb 2019 11:37:43 GMT" time="30.876" errors="0">
  <testcase name="robot_Class_Examples" time="30.876" classname="webdriverCommands.Robot_Class"/>
</testsuite> <!-- webdriverCommands.Robot_Class -->
