<?xml version="1.0" encoding="UTF-8"?>
<!-- Generated by org.testng.reporters.JUnitReportReporter -->
<testsuite skipped="0" hostname="kiranReddy-PC" name="javaProgramming.DynamicWebTable" tests="1" failures="0" timestamp="16 Mar 2019 11:20:48 GMT" time="3.386" errors="0">
  <testcase name="handleDynamicWebTable" time="3.386" classname="javaProgramming.DynamicWebTable"/>
</testsuite> <!-- javaProgramming.DynamicWebTable -->
