<?xml version="1.0" encoding="UTF-8"?>
<!-- Generated by org.testng.reporters.JUnitReportReporter -->
<testsuite skipped="0" hostname="kiranReddy-PC" name="javaProgramming.GetRowsColumns" tests="1" failures="0" timestamp="16 Mar 2019 16:57:50 GMT" time="127.251" errors="0">
  <testcase name="getRowsColumnsDynamicWebTableData" time="127.251" classname="javaProgramming.GetRowsColumns"/>
</testsuite> <!-- javaProgramming.GetRowsColumns -->
